1686120031245	geckodriver	INFO	Listening on 127.0.0.1:61871
1686120034311	mozrunner::runner	INFO	Running command: "C:\\Program Files\\Mozilla Firefox\\firefox.exe" "--marionette" "--remote-debugging-port" "61872" "--remote-allow-hosts" "localhost" "-no-remote" "-profile" "C:\\Users\\Admin\\AppData\\Local\\Temp\\rust_mozprofileskexTf"
console.warn: services.settings: Ignoring preference override of remote settings server
console.warn: services.settings: Allow by setting MOZ_REMOTE_SETTINGS_DEVTOOLS=1 in the environment
1686120035754	Marionette	INFO	Marionette enabled
Dynamically enable window occlusion 0
1686120035780	Marionette	INFO	Listening on port 61887
Read port: 61887
WebDriver BiDi listening on ws://127.0.0.1:61872
1686120036140	RemoteAgent	WARN	TLS certificate errors will be ignored for this session
[ERROR glean_core] Error setting metrics feature config: Json(Error("EOF while parsing a value", line: 1, column: 0))
DevTools listening on ws://127.0.0.1:61872/devtools/browser/70780a71-9977-45c5-bf4c-51ba943cc90d
JavaScript error: https://www.google.com/sorry/index?continue=https://www.google.com/uviewer%3Fq%3DRAJASTHAN%2520PLASTIC%2520INDUSTRIES%2520website%26origin%3Dhttps%253A%252F%252Fwww.google.com&q=EgRnmJ-TGNzMgKQGIjD7maAU_DRJ92k3Cjma8Wa5vzRbGbjJzU1WYhuQ7iEMrvajTugIfjzV2APAnotLH4gyAXI, line 1: SyntaxError: expected expression, got ','
console.error: WebExtensions: 
  Message: [Exception... "Component returned failure code: 0x80004005 (NS_ERROR_FAILURE) [nsIPropertyBag.getProperty]"  nsresult: "0x80004005 (NS_ERROR_FAILURE)"  location: "JS frame :: jar:file:///C:/Program%20Files/Mozilla%20Firefox/browser/omni.ja!/chrome/browser/builtin-addons/search-detection/api.js :: stopListener :: line 189"  data: no]
  Stack:
    stopListener@jar:file:///C:/Program%20Files/Mozilla%20Firefox/browser/omni.ja!/chrome/browser/builtin-addons/search-detection/api.js:189:32

JavaScript error: https://www.google.com/sorry/index?continue=https://www.google.com/search%3Fq%3DRECYCLE%2520PLASTICS%2520website&q=EgRnmJ-TGN7MgKQGIjCA2U2lH5cmeFSkdebSD492SO4WSRb1-JzfRp_DSepn9wKSLcGiCn6pnlAICdQQMrwyAXI, line 1: SyntaxError: expected expression, got ','
console.error: WebExtensions: 
  Message: [Exception... "Component returned failure code: 0x80004005 (NS_ERROR_FAILURE) [nsIPropertyBag.getProperty]"  nsresult: "0x80004005 (NS_ERROR_FAILURE)"  location: "JS frame :: jar:file:///C:/Program%20Files/Mozilla%20Firefox/browser/omni.ja!/chrome/browser/builtin-addons/search-detection/api.js :: stopListener :: line 189"  data: no]
  Stack:
    stopListener@jar:file:///C:/Program%20Files/Mozilla%20Firefox/browser/omni.ja!/chrome/browser/builtin-addons/search-detection/api.js:189:32

JavaScript error: https://www.google.com/sorry/index?continue=https://www.google.com/search%3Fq%3DHuhtamaki%2520Foundation%2520website&q=EgRnmJ-TGODMgKQGIjBiJxxtULOPQX-N1x2XAuOzhgUoghoj86oTQgGu8258zZL88Dl500zWFwrdmzx8ExQyAXI, line 1: SyntaxError: expected expression, got ','
console.error: WebExtensions: 
  Message: [Exception... "Component returned failure code: 0x80004005 (NS_ERROR_FAILURE) [nsIPropertyBag.getProperty]"  nsresult: "0x80004005 (NS_ERROR_FAILURE)"  location: "JS frame :: jar:file:///C:/Program%20Files/Mozilla%20Firefox/browser/omni.ja!/chrome/browser/builtin-addons/search-detection/api.js :: stopListener :: line 189"  data: no]
  Stack:
    stopListener@jar:file:///C:/Program%20Files/Mozilla%20Firefox/browser/omni.ja!/chrome/browser/builtin-addons/search-detection/api.js:189:32

JavaScript error: https://www.google.com/sorry/index?continue=https://www.google.com/search%3Fq%3DJAYGURUDEV%2520POLYPACK%2520PVT%2520LTD%2520website&q=EgRnmJ-TGOHMgKQGIjB8jsr9f-vRCe8RPuDm0xMTm_QbU0JWv8EOCRBmOelpHXFYACUpWDDFboIt_A45s8wyAXI, line 1: SyntaxError: expected expression, got ','
console.error: WebExtensions: 
  Message: [Exception... "Component returned failure code: 0x80004005 (NS_ERROR_FAILURE) [nsIPropertyBag.getProperty]"  nsresult: "0x80004005 (NS_ERROR_FAILURE)"  location: "JS frame :: jar:file:///C:/Program%20Files/Mozilla%20Firefox/browser/omni.ja!/chrome/browser/builtin-addons/search-detection/api.js :: stopListener :: line 189"  data: no]
  Stack:
    stopListener@jar:file:///C:/Program%20Files/Mozilla%20Firefox/browser/omni.ja!/chrome/browser/builtin-addons/search-detection/api.js:189:32

JavaScript error: https://www.google.com/sorry/index?continue=https://www.google.com/search%3Fq%3DGemcorp%2520Recycling%2520and%2520Technologies%2520Pvt%2520Ltd%2520website&q=EgRnmJ-TGOPMgKQGIjByu7VB9s__lt79ZR6_mD9tY0Uleq7bx-wB9wBUxz53C7ahWmFODhk1bP0FeA_4hCgyAXI, line 1: SyntaxError: expected expression, got ','
console.error: WebExtensions: 
  Message: [Exception... "Component returned failure code: 0x80004005 (NS_ERROR_FAILURE) [nsIPropertyBag.getProperty]"  nsresult: "0x80004005 (NS_ERROR_FAILURE)"  location: "JS frame :: jar:file:///C:/Program%20Files/Mozilla%20Firefox/browser/omni.ja!/chrome/browser/builtin-addons/search-detection/api.js :: stopListener :: line 189"  data: no]
  Stack:
    stopListener@jar:file:///C:/Program%20Files/Mozilla%20Firefox/browser/omni.ja!/chrome/browser/builtin-addons/search-detection/api.js:189:32

JavaScript error: https://www.google.com/sorry/index?continue=https://www.google.com/search%3Fq%3DMORPHE%2520ENERGIES%2520website&q=EgRnmJ-TGOXMgKQGIjAD5sHpGX5Re7vbSEScBGdQWRRiVDc_x3YMNVknD4YiAY7T-97UM_PFLqzo9Lmgn6oyAXI, line 1: SyntaxError: expected expression, got ','
console.error: WebExtensions: 
  Message: [Exception... "Component returned failure code: 0x80004005 (NS_ERROR_FAILURE) [nsIPropertyBag.getProperty]"  nsresult: "0x80004005 (NS_ERROR_FAILURE)"  location: "JS frame :: jar:file:///C:/Program%20Files/Mozilla%20Firefox/browser/omni.ja!/chrome/browser/builtin-addons/search-detection/api.js :: stopListener :: line 189"  data: no]
  Stack:
    stopListener@jar:file:///C:/Program%20Files/Mozilla%20Firefox/browser/omni.ja!/chrome/browser/builtin-addons/search-detection/api.js:189:32

JavaScript error: https://www.google.com/sorry/index?continue=https://www.google.com/search%3Fq%3DP.%2520B.%2520POLYMERS%2520website&q=EgRnmJ-TGObMgKQGIjAD7ncs-8sVx9q5lHJ9kQtLvRzl70T4L1o4aRr4xgTpHEcTKe_cOllC9muDWYsOWt4yAXI, line 1: SyntaxError: expected expression, got ','
console.error: WebExtensions: 
  Message: [Exception... "Component returned failure code: 0x80004005 (NS_ERROR_FAILURE) [nsIPropertyBag.getProperty]"  nsresult: "0x80004005 (NS_ERROR_FAILURE)"  location: "JS frame :: jar:file:///C:/Program%20Files/Mozilla%20Firefox/browser/omni.ja!/chrome/browser/builtin-addons/search-detection/api.js :: stopListener :: line 189"  data: no]
  Stack:
    stopListener@jar:file:///C:/Program%20Files/Mozilla%20Firefox/browser/omni.ja!/chrome/browser/builtin-addons/search-detection/api.js:189:32

JavaScript error: https://www.google.com/sorry/index?continue=https://www.google.com/search%3Fq%3DSHREE%2520SHIV%2520SHAKTI%2520PLASTIC%2520UDYOG%2520website&q=EgRnmJ-TGOjMgKQGIjBwBSWH6joHCrWWhSLS8zeTxGW0rhh_k3r7XGFPMNjlKpvLiW6hjT765yApA7gUWZwyAXI, line 1: SyntaxError: expected expression, got ','
console.error: WebExtensions: 
  Message: [Exception... "Component returned failure code: 0x80004005 (NS_ERROR_FAILURE) [nsIPropertyBag.getProperty]"  nsresult: "0x80004005 (NS_ERROR_FAILURE)"  location: "JS frame :: jar:file:///C:/Program%20Files/Mozilla%20Firefox/browser/omni.ja!/chrome/browser/builtin-addons/search-detection/api.js :: stopListener :: line 189"  data: no]
  Stack:
    stopListener@jar:file:///C:/Program%20Files/Mozilla%20Firefox/browser/omni.ja!/chrome/browser/builtin-addons/search-detection/api.js:189:32

JavaScript error: https://www.google.com/sorry/index?continue=https://www.google.com/search%3Fq%3DSomnath%2520Plastic%2520website&q=EgRnmJ-TGOnMgKQGIjDCtZ6RS3fgnXQ-vf0mK9vH6hVCA_v28E3HSkgfZhErePUcfWCJxSy_ICtqRio9lRsyAXI, line 1: SyntaxError: expected expression, got ','
console.error: WebExtensions: 
  Message: [Exception... "Component returned failure code: 0x80004005 (NS_ERROR_FAILURE) [nsIPropertyBag.getProperty]"  nsresult: "0x80004005 (NS_ERROR_FAILURE)"  location: "JS frame :: jar:file:///C:/Program%20Files/Mozilla%20Firefox/browser/omni.ja!/chrome/browser/builtin-addons/search-detection/api.js :: stopListener :: line 189"  data: no]
  Stack:
    stopListener@jar:file:///C:/Program%20Files/Mozilla%20Firefox/browser/omni.ja!/chrome/browser/builtin-addons/search-detection/api.js:189:32

JavaScript error: https://www.google.com/sorry/index?continue=https://www.google.com/search%3Fq%3DMADHURAJ%2520POLYMERS%2520website&q=EgRnmJ-TGOvMgKQGIjDO1Q13Erz7-617GOLt9Agbh5Lb56u-gsw6xs9L5XQXwpyxZ7TJVN0OOaI49NpkwmQyAXI, line 1: SyntaxError: expected expression, got ','
console.error: WebExtensions: 
  Message: [Exception... "Component returned failure code: 0x80004005 (NS_ERROR_FAILURE) [nsIPropertyBag.getProperty]"  nsresult: "0x80004005 (NS_ERROR_FAILURE)"  location: "JS frame :: jar:file:///C:/Program%20Files/Mozilla%20Firefox/browser/omni.ja!/chrome/browser/builtin-addons/search-detection/api.js :: stopListener :: line 189"  data: no]
  Stack:
    stopListener@jar:file:///C:/Program%20Files/Mozilla%20Firefox/browser/omni.ja!/chrome/browser/builtin-addons/search-detection/api.js:189:32

JavaScript error: https://www.google.com/sorry/index?continue=https://www.google.com/search%3Fq%3DWORLD%2520PLASTIC%2520CARE%2520website&q=EgRnmJ-TGO3MgKQGIjCmnhhXqVtA1xIZiO2B164XrNa-bLWlbohEsnbJzYyhnRECh-Rt9QqnqMSI-zK74icyAXI, line 1: SyntaxError: expected expression, got ','
console.error: WebExtensions: 
  Message: [Exception... "Component returned failure code: 0x80004005 (NS_ERROR_FAILURE) [nsIPropertyBag.getProperty]"  nsresult: "0x80004005 (NS_ERROR_FAILURE)"  location: "JS frame :: jar:file:///C:/Program%20Files/Mozilla%20Firefox/browser/omni.ja!/chrome/browser/builtin-addons/search-detection/api.js :: stopListener :: line 189"  data: no]
  Stack:
    stopListener@jar:file:///C:/Program%20Files/Mozilla%20Firefox/browser/omni.ja!/chrome/browser/builtin-addons/search-detection/api.js:189:32

JavaScript error: https://www.google.com/sorry/index?continue=https://www.google.com/search%3Fq%3DShree%2520Digvijay%2520Cement%2520Company%2520Limited%2520website&q=EgRnmJ-TGO7MgKQGIjB0vceBKO7-2uVVPUumuv0CQKRr3LFd4K4ZtIfIabiTOGOVatVTP_8CHbXUBzjfiS0yAXI, line 1: SyntaxError: expected expression, got ','
console.error: WebExtensions: 
  Message: [Exception... "Component returned failure code: 0x80004005 (NS_ERROR_FAILURE) [nsIPropertyBag.getProperty]"  nsresult: "0x80004005 (NS_ERROR_FAILURE)"  location: "JS frame :: jar:file:///C:/Program%20Files/Mozilla%20Firefox/browser/omni.ja!/chrome/browser/builtin-addons/search-detection/api.js :: stopListener :: line 189"  data: no]
  Stack:
    stopListener@jar:file:///C:/Program%20Files/Mozilla%20Firefox/browser/omni.ja!/chrome/browser/builtin-addons/search-detection/api.js:189:32

JavaScript error: https://www.google.com/sorry/index?continue=https://www.google.com/search%3Fq%3DJ%2520B%2520ECOTEX%2520LIMITED%2520website&q=EgRnmJ-TGPDMgKQGIjCTWjbWXo2tiB15XNFl1jsEdZJYOowyBfJ1aFfOsIiBu1_QiZOen3ewYzT1w6EF_44yAXI, line 1: SyntaxError: expected expression, got ','
console.error: WebExtensions: 
  Message: [Exception... "Component returned failure code: 0x80004005 (NS_ERROR_FAILURE) [nsIPropertyBag.getProperty]"  nsresult: "0x80004005 (NS_ERROR_FAILURE)"  location: "JS frame :: jar:file:///C:/Program%20Files/Mozilla%20Firefox/browser/omni.ja!/chrome/browser/builtin-addons/search-detection/api.js :: stopListener :: line 189"  data: no]
  Stack:
    stopListener@jar:file:///C:/Program%20Files/Mozilla%20Firefox/browser/omni.ja!/chrome/browser/builtin-addons/search-detection/api.js:189:32

JavaScript error: https://www.google.com/sorry/index?continue=https://www.google.com/search%3Fq%3DMANV%2520PLASTICS%2520website&q=EgRnmJ-TGPHMgKQGIjB9s54FzoxXSoiuccqWVBKyTgHfXAiPA4Dg5O9AZ9EPkey3ZUnFT6P-_HQoLSSCvggyAXI, line 1: SyntaxError: expected expression, got ','
console.error: WebExtensions: 
  Message: [Exception... "Component returned failure code: 0x80004005 (NS_ERROR_FAILURE) [nsIPropertyBag.getProperty]"  nsresult: "0x80004005 (NS_ERROR_FAILURE)"  location: "JS frame :: jar:file:///C:/Program%20Files/Mozilla%20Firefox/browser/omni.ja!/chrome/browser/builtin-addons/search-detection/api.js :: stopListener :: line 189"  data: no]
  Stack:
    stopListener@jar:file:///C:/Program%20Files/Mozilla%20Firefox/browser/omni.ja!/chrome/browser/builtin-addons/search-detection/api.js:189:32

JavaScript error: https://www.google.com/sorry/index?continue=https://www.google.com/search%3Fq%3DGUJARAT%2520WASTE%2520MANAGEMENT%2520website&q=EgRnmJ-TGPPMgKQGIjBESaCZYIbDXCa60vigfWwVCpzkA_hZv5d6IiWWTCHs-SKsSDA98ecU5NAmKbRlmqcyAXI, line 1: SyntaxError: expected expression, got ','
console.error: WebExtensions: 
  Message: [Exception... "Component returned failure code: 0x80004005 (NS_ERROR_FAILURE) [nsIPropertyBag.getProperty]"  nsresult: "0x80004005 (NS_ERROR_FAILURE)"  location: "JS frame :: jar:file:///C:/Program%20Files/Mozilla%20Firefox/browser/omni.ja!/chrome/browser/builtin-addons/search-detection/api.js :: stopListener :: line 189"  data: no]
  Stack:
    stopListener@jar:file:///C:/Program%20Files/Mozilla%20Firefox/browser/omni.ja!/chrome/browser/builtin-addons/search-detection/api.js:189:32

JavaScript error: https://www.google.com/sorry/index?continue=https://www.google.com/search%3Fq%3DMurli%2520Industries%2520Limited,%2520Subsidiary%2520of%2520Dalmia%2520Cement%2520(Bharat)%2520limited%2520website&q=EgRnmJ-TGPTMgKQGIjAfBqV5t-QpmMbEEEH5FxG-Pz_p97qEFumY3__ZAy6Guyg-5xRevGqlZQ9pLFWyVsUyAXI, line 1: SyntaxError: expected expression, got ','
console.error: WebExtensions: 
  Message: [Exception... "Component returned failure code: 0x80004005 (NS_ERROR_FAILURE) [nsIPropertyBag.getProperty]"  nsresult: "0x80004005 (NS_ERROR_FAILURE)"  location: "JS frame :: jar:file:///C:/Program%20Files/Mozilla%20Firefox/browser/omni.ja!/chrome/browser/builtin-addons/search-detection/api.js :: stopListener :: line 189"  data: no]
  Stack:
    stopListener@jar:file:///C:/Program%20Files/Mozilla%20Firefox/browser/omni.ja!/chrome/browser/builtin-addons/search-detection/api.js:189:32

JavaScript error: https://www.google.com/sorry/index?continue=https://www.google.com/search%3Fq%3DSIYARAM%2520POLYMERS%2520website&q=EgRnmJ-TGPbMgKQGIjDlKHSuARQl6YJBVzz5bRRFJHHAdmGwurc_dKahdL3a9NGEENjFOlNFmqi80NlgyvMyAXI, line 1: SyntaxError: expected expression, got ','
console.error: WebExtensions: 
  Message: [Exception... "Component returned failure code: 0x80004005 (NS_ERROR_FAILURE) [nsIPropertyBag.getProperty]"  nsresult: "0x80004005 (NS_ERROR_FAILURE)"  location: "JS frame :: jar:file:///C:/Program%20Files/Mozilla%20Firefox/browser/omni.ja!/chrome/browser/builtin-addons/search-detection/api.js :: stopListener :: line 189"  data: no]
  Stack:
    stopListener@jar:file:///C:/Program%20Files/Mozilla%20Firefox/browser/omni.ja!/chrome/browser/builtin-addons/search-detection/api.js:189:32

JavaScript error: https://www.google.com/sorry/index?continue=https://www.google.com/search%3Fq%3DSai%2520Sadguru%2520Suppliers%2520And%2520Transport%2520website&q=EgRnmJ-TGPfMgKQGIjBdl4puNijQISrxNbEM383tbik2Qum3LKsotbq0Y50joFONa4GhQ4xqAE66YM3MaIsyAXI, line 1: SyntaxError: expected expression, got ','
console.error: WebExtensions: 
  Message: [Exception... "Component returned failure code: 0x80004005 (NS_ERROR_FAILURE) [nsIPropertyBag.getProperty]"  nsresult: "0x80004005 (NS_ERROR_FAILURE)"  location: "JS frame :: jar:file:///C:/Program%20Files/Mozilla%20Firefox/browser/omni.ja!/chrome/browser/builtin-addons/search-detection/api.js :: stopListener :: line 189"  data: no]
  Stack:
    stopListener@jar:file:///C:/Program%20Files/Mozilla%20Firefox/browser/omni.ja!/chrome/browser/builtin-addons/search-detection/api.js:189:32

JavaScript error: https://www.google.com/sorry/index?continue=https://www.google.com/search%3Fq%3DShree%2520Balaji%2520Plastic%2520website&q=EgRnmJ-TGPjMgKQGIjD2y5LGP0wVaJZnualYJszFzaea246lLRYcpZYxsRhcprzi7nSoYEYF37bA_nEYaL8yAXI, line 1: SyntaxError: expected expression, got ','
[Child 8196, Main Thread] WARNING: JSWindowActorChild::SendRawMessage (Conduits, ConduitClosed) not sent: !CanSend() || !mManager || !mManager->CanSend(): file /builds/worker/checkouts/gecko/dom/ipc/jsactor/JSWindowActorChild.cpp:57
[Child 8196, Main Thread] WARNING: JSWindowActorChild::SendRawMessage (Conduits, ConduitClosed) not sent: !CanSend() || !mManager || !mManager->CanSend(): file /builds/worker/checkouts/gecko/dom/ipc/jsactor/JSWindowActorChild.cpp:57
[Child 8196, Main Thread] WARNING: JSWindowActorChild::SendRawMessage (Conduits, ConduitClosed) not sent: !CanSend() || !mManager || !mManager->CanSend(): file /builds/worker/checkouts/gecko/dom/ipc/jsactor/JSWindowActorChild.cpp:57
[Child 8196, Main Thread] WARNING: JSWindowActorChild::SendRawMessage (Conduits, ConduitClosed) not sent: !CanSend() || !mManager || !mManager->CanSend(): file /builds/worker/checkouts/gecko/dom/ipc/jsactor/JSWindowActorChild.cpp:57
[Child 8196, Main Thread] WARNING: JSWindowActorChild::SendRawMessage (Conduits, ConduitClosed) not sent: !CanSend() || !mManager || !mManager->CanSend(): file /builds/worker/checkouts/gecko/dom/ipc/jsactor/JSWindowActorChild.cpp:57
[Child 8196, Main Thread] WARNING: JSWindowActorChild::SendRawMessage (Conduits, ConduitClosed) not sent: !CanSend() || !mManager || !mManager->CanSend(): file /builds/worker/checkouts/gecko/dom/ipc/jsactor/JSWindowActorChild.cpp:57
[Child 8196, Main Thread] WARNING: JSWindowActorChild::SendRawMessage (Conduits, ConduitClosed) not sent: !CanSend() || !mManager || !mManager->CanSend(): file /builds/worker/checkouts/gecko/dom/ipc/jsactor/JSWindowActorChild.cpp:57
[Child 8196, Main Thread] WARNING: JSWindowActorChild::SendRawMessage (Conduits, ConduitClosed) not sent: !CanSend() || !mManager || !mManager->CanSend(): file /builds/worker/checkouts/gecko/dom/ipc/jsactor/JSWindowActorChild.cpp:57
1686120085069	Marionette	INFO	Stopped listening on port 61887
Dynamically enable window occlusion 1
WARNING: A blocker encountered an error while we were waiting.
          Blocker:  Waiting for ping task
          Phase: TelemetryController: Waiting for pending ping activity
          State: (none)
WARNING: Error: Phase "profile-before-change" is finished, it is too late to register completion condition "OS.File: flush I/O queued before profileBeforeChange"
WARNING: addBlocker@resource://gre/modules/AsyncShutdown.sys.mjs:727:15
addBlocker@resource://gre/modules/AsyncShutdown.sys.mjs:523:26
addBlocker@resource://gre/modules/AsyncShutdown.sys.mjs:458:15
setupShutdown@resource://gre/modules/osfile/osfile_async_front.jsm:1548:28
@resource://gre/modules/osfile/osfile_async_front.jsm:1568:16
@resource://gre/modules/osfile.jsm:12:30
@resource://gre/modules/TelemetryStorage.sys.mjs:10:28
_checkPendingPings@resource://gre/modules/TelemetrySend.sys.mjs:859:17
setup@resource://gre/modules/TelemetrySend.sys.mjs:799:18
setup@resource://gre/modules/TelemetrySend.sys.mjs:237:30
setupTelemetry/this._delayedInitTask<@resource://gre/modules/TelemetryControllerParent.sys.mjs:824:36
observe@resource://gre/modules/AsyncShutdown.sys.mjs:576:16

console.error: "TelemetryScheduler.shutdown - Already shut down"
WARNING: A blocker encountered an error while we were waiting.
          Blocker:  Waiting for ping task
          Phase: TelemetryController: Waiting for pending ping activity
          State: (none)
WARNING: Error: Phase "profile-before-change" is finished, it is too late to register completion condition "OS.File: flush I/O queued before profileBeforeChange"
WARNING: addBlocker@resource://gre/modules/AsyncShutdown.sys.mjs:727:15
addBlocker@resource://gre/modules/AsyncShutdown.sys.mjs:523:26
addBlocker@resource://gre/modules/AsyncShutdown.sys.mjs:458:15
setupShutdown@resource://gre/modules/osfile/osfile_async_front.jsm:1548:28
@resource://gre/modules/osfile/osfile_async_front.jsm:1568:16
@resource://gre/modules/osfile.jsm:12:30
@resource://gre/modules/TelemetryStorage.sys.mjs:10:28
_checkPendingPings@resource://gre/modules/TelemetrySend.sys.mjs:859:17
setup@resource://gre/modules/TelemetrySend.sys.mjs:799:18
setup@resource://gre/modules/TelemetrySend.sys.mjs:237:30
setupTelemetry/this._delayedInitTask<@resource://gre/modules/TelemetryControllerParent.sys.mjs:824:36
observe@resource://gre/modules/AsyncShutdown.sys.mjs:576:16

WARNING: A blocker encountered an error while we were waiting.
          Blocker:  Waiting for ping task
          Phase: TelemetryController: Waiting for pending ping activity
          State: (none)
WARNING: Error: Phase "profile-before-change" is finished, it is too late to register completion condition "OS.File: flush I/O queued before profileBeforeChange"
WARNING: addBlocker@resource://gre/modules/AsyncShutdown.sys.mjs:727:15
addBlocker@resource://gre/modules/AsyncShutdown.sys.mjs:523:26
addBlocker@resource://gre/modules/AsyncShutdown.sys.mjs:458:15
setupShutdown@resource://gre/modules/osfile/osfile_async_front.jsm:1548:28
@resource://gre/modules/osfile/osfile_async_front.jsm:1568:16
@resource://gre/modules/osfile.jsm:12:30
@resource://gre/modules/TelemetryStorage.sys.mjs:10:28
_checkPendingPings@resource://gre/modules/TelemetrySend.sys.mjs:859:17
setup@resource://gre/modules/TelemetrySend.sys.mjs:799:18
setup@resource://gre/modules/TelemetrySend.sys.mjs:237:30
setupTelemetry/this._delayedInitTask<@resource://gre/modules/TelemetryControllerParent.sys.mjs:824:36
observe@resource://gre/modules/AsyncShutdown.sys.mjs:576:16

WARNING: A blocker encountered an error while we were waiting.
          Blocker:  TelemetryController: shutting down
          Phase: profile-before-change-telemetry
          State: Error getting state: Error: Phase "profile-before-change" is finished, it is too late to register completion condition "OS.File: flush I/O queued before profileBeforeChange" at addBlocker@resource://gre/modules/AsyncShutdown.sys.mjs:727:15
addBlocker@resource://gre/modules/AsyncShutdown.sys.mjs:523:26
addBlocker@resource://gre/modules/AsyncShutdown.sys.mjs:458:15
setupShutdown@resource://gre/modules/osfile/osfile_async_front.jsm:1548:28
@resource://gre/modules/osfile/osfile_async_front.jsm:1568:16
@resource://gre/modules/osfile.jsm:12:30
@resource://gre/modules/TelemetryStorage.sys.mjs:10:28
_checkPendingPings@resource://gre/modules/TelemetrySend.sys.mjs:859:17
setup@resource://gre/modules/TelemetrySend.sys.mjs:799:18
setup@resource://gre/modules/TelemetrySend.sys.mjs:237:30
setupTelemetry/this._delayedInitTask<@resource://gre/modules/TelemetryControllerParent.sys.mjs:824:36
observe@resource://gre/modules/AsyncShutdown.sys.mjs:576:16

WARNING: Error: Phase "profile-before-change" is finished, it is too late to register completion condition "OS.File: flush I/O queued before profileBeforeChange"
WARNING: addBlocker@resource://gre/modules/AsyncShutdown.sys.mjs:727:15
addBlocker@resource://gre/modules/AsyncShutdown.sys.mjs:523:26
addBlocker@resource://gre/modules/AsyncShutdown.sys.mjs:458:15
setupShutdown@resource://gre/modules/osfile/osfile_async_front.jsm:1548:28
@resource://gre/modules/osfile/osfile_async_front.jsm:1568:16
@resource://gre/modules/osfile.jsm:12:30
@resource://gre/modules/TelemetryStorage.sys.mjs:10:28
_checkPendingPings@resource://gre/modules/TelemetrySend.sys.mjs:859:17
setup@resource://gre/modules/TelemetrySend.sys.mjs:799:18
setup@resource://gre/modules/TelemetrySend.sys.mjs:237:30
setupTelemetry/this._delayedInitTask<@resource://gre/modules/TelemetryControllerParent.sys.mjs:824:36
observe@resource://gre/modules/AsyncShutdown.sys.mjs:576:16

JavaScript error: resource://gre/modules/AsyncShutdown.sys.mjs, line 727: Error: Phase "profile-before-change" is finished, it is too late to register completion condition "OS.File: flush I/O queued before profileBeforeChange"
JavaScript error: resource://gre/modules/AsyncShutdown.sys.mjs, line 727: Error: Phase "profile-before-change" is finished, it is too late to register completion condition "OS.File: flush I/O queued before profileBeforeChange"
JavaScript error: resource://gre/modules/AsyncShutdown.sys.mjs, line 727: Error: Phase "profile-before-change" is finished, it is too late to register completion condition "OS.File: flush I/O queued before profileBeforeChange"
JavaScript error: resource://gre/modules/AsyncShutdown.sys.mjs, line 727: Error: Phase "profile-before-change" is finished, it is too late to register completion condition "OS.File: flush I/O queued before profileBeforeChange"
JavaScript error: resource://gre/modules/AsyncShutdown.sys.mjs, line 727: Error: Phase "profile-before-change" is finished, it is too late to register completion condition "OS.File: flush I/O queued before profileBeforeChange"
JavaScript error: resource://gre/modules/AsyncShutdown.sys.mjs, line 727: Error: Phase "profile-before-change" is finished, it is too late to register completion condition "OS.File: flush I/O queued before profileBeforeChange"
1686120242584	geckodriver	INFO	Listening on 127.0.0.1:62031
1686120245704	mozrunner::runner	INFO	Running command: "C:\\Program Files\\Mozilla Firefox\\firefox.exe" "--marionette" "--remote-debugging-port" "62032" "--remote-allow-hosts" "localhost" "-no-remote" "-profile" "C:\\Users\\Admin\\AppData\\Local\\Temp\\rust_mozprofile2zfVvy"
console.warn: services.settings: Ignoring preference override of remote settings server
console.warn: services.settings: Allow by setting MOZ_REMOTE_SETTINGS_DEVTOOLS=1 in the environment
1686120246302	Marionette	INFO	Marionette enabled
Dynamically enable window occlusion 0
1686120246309	Marionette	INFO	Listening on port 62041
Read port: 62041
WebDriver BiDi listening on ws://127.0.0.1:62032
1686120246484	RemoteAgent	WARN	TLS certificate errors will be ignored for this session
[ERROR glean_core] Error setting metrics feature config: Json(Error("EOF while parsing a value", line: 1, column: 0))
DevTools listening on ws://127.0.0.1:62032/devtools/browser/c0f3ef09-dab4-4c0a-99ec-11e04bed1bd5
JavaScript error: https://www.google.com/sorry/index?continue=https://www.google.com/uviewer%3Fq%3DRAJASTHAN%2520PLASTIC%2520INDUSTRIES%2520website%26origin%3Dhttps%253A%252F%252Fwww.google.com&q=EgRnmJ-TGKzOgKQGIjDiGTFvPFPmw6wjFOWf7CTXyy3OQKqpS8xDGiA6YtkRtiNOix9VJwaa9Ii8Ks_gm_gyAXI, line 1: SyntaxError: expected expression, got ','
console.error: WebExtensions: 
  Message: [Exception... "Component returned failure code: 0x80004005 (NS_ERROR_FAILURE) [nsIPropertyBag.getProperty]"  nsresult: "0x80004005 (NS_ERROR_FAILURE)"  location: "JS frame :: jar:file:///C:/Program%20Files/Mozilla%20Firefox/browser/omni.ja!/chrome/browser/builtin-addons/search-detection/api.js :: stopListener :: line 189"  data: no]
  Stack:
    stopListener@jar:file:///C:/Program%20Files/Mozilla%20Firefox/browser/omni.ja!/chrome/browser/builtin-addons/search-detection/api.js:189:32

JavaScript error: https://www.google.com/sorry/index?continue=https://www.google.com/search%3Fq%3DRECYCLE%2520PLASTICS%2520website&q=EgRnmJ-TGLHOgKQGIjBUbXSyayXjXK5RnuPEGDK_ri3tor2wcdmq1DONyv_ci2Ym5f9GN92IOyepiwz0pRQyAXI, line 1: SyntaxError: expected expression, got ','
console.error: WebExtensions: 
  Message: [Exception... "Component returned failure code: 0x80004005 (NS_ERROR_FAILURE) [nsIPropertyBag.getProperty]"  nsresult: "0x80004005 (NS_ERROR_FAILURE)"  location: "JS frame :: jar:file:///C:/Program%20Files/Mozilla%20Firefox/browser/omni.ja!/chrome/browser/builtin-addons/search-detection/api.js :: stopListener :: line 189"  data: no]
  Stack:
    stopListener@jar:file:///C:/Program%20Files/Mozilla%20Firefox/browser/omni.ja!/chrome/browser/builtin-addons/search-detection/api.js:189:32

JavaScript error: https://www.google.com/sorry/index?continue=https://www.google.com/search%3Fq%3DHuhtamaki%2520Foundation%2520website&q=EgRnmJ-TGLTOgKQGIjDOJqHSDZqVuEKzQT9p4ObS2FkUC9V5gf-E7fVb-Z_ZYyojzUJdeOzZZSYwyGrCUJQyAXI, line 1: SyntaxError: expected expression, got ','
console.error: WebExtensions: 
  Message: [Exception... "Component returned failure code: 0x80004005 (NS_ERROR_FAILURE) [nsIPropertyBag.getProperty]"  nsresult: "0x80004005 (NS_ERROR_FAILURE)"  location: "JS frame :: jar:file:///C:/Program%20Files/Mozilla%20Firefox/browser/omni.ja!/chrome/browser/builtin-addons/search-detection/api.js :: stopListener :: line 189"  data: no]
  Stack:
    stopListener@jar:file:///C:/Program%20Files/Mozilla%20Firefox/browser/omni.ja!/chrome/browser/builtin-addons/search-detection/api.js:189:32

JavaScript error: https://www.google.com/sorry/index?continue=https://www.google.com/search%3Fq%3DJAYGURUDEV%2520POLYPACK%2520PVT%2520LTD%2520website&q=EgRnmJ-TGLbOgKQGIjD27Rk3lGp57JDGsrDzcyNx3rZFnn283V1JkwrbEu7g1nJEPVEe_qWkBYkbgPW6UxAyAXI, line 1: SyntaxError: expected expression, got ','
console.error: WebExtensions: 
  Message: [Exception... "Component returned failure code: 0x80004005 (NS_ERROR_FAILURE) [nsIPropertyBag.getProperty]"  nsresult: "0x80004005 (NS_ERROR_FAILURE)"  location: "JS frame :: jar:file:///C:/Program%20Files/Mozilla%20Firefox/browser/omni.ja!/chrome/browser/builtin-addons/search-detection/api.js :: stopListener :: line 189"  data: no]
  Stack:
    stopListener@jar:file:///C:/Program%20Files/Mozilla%20Firefox/browser/omni.ja!/chrome/browser/builtin-addons/search-detection/api.js:189:32

JavaScript error: https://www.google.com/sorry/index?continue=https://www.google.com/search%3Fq%3DGemcorp%2520Recycling%2520and%2520Technologies%2520Pvt%2520Ltd%2520website&q=EgRnmJ-TGLjOgKQGIjASnxNI_vmeRiRGkh-WFc7wnAzB_HoxGXyXzqZ87-I74Z6KKCa5AKN8gpFH6QwtHOcyAXI, line 1: SyntaxError: expected expression, got ','
console.error: WebExtensions: 
  Message: [Exception... "Component returned failure code: 0x80004005 (NS_ERROR_FAILURE) [nsIPropertyBag.getProperty]"  nsresult: "0x80004005 (NS_ERROR_FAILURE)"  location: "JS frame :: jar:file:///C:/Program%20Files/Mozilla%20Firefox/browser/omni.ja!/chrome/browser/builtin-addons/search-detection/api.js :: stopListener :: line 189"  data: no]
  Stack:
    stopListener@jar:file:///C:/Program%20Files/Mozilla%20Firefox/browser/omni.ja!/chrome/browser/builtin-addons/search-detection/api.js:189:32

JavaScript error: https://www.google.com/sorry/index?continue=https://www.google.com/search%3Fq%3DMORPHE%2520ENERGIES%2520website&q=EgRnmJ-TGLvOgKQGIjAzJi4pnPxSvmKoOkPcZQuktJPPT0poBRB0ucJ_Dpx3G7ih0CaQR9sPLelsfZrw2dAyAXI, line 1: SyntaxError: expected expression, got ','
console.error: WebExtensions: 
  Message: [Exception... "Component returned failure code: 0x80004005 (NS_ERROR_FAILURE) [nsIPropertyBag.getProperty]"  nsresult: "0x80004005 (NS_ERROR_FAILURE)"  location: "JS frame :: jar:file:///C:/Program%20Files/Mozilla%20Firefox/browser/omni.ja!/chrome/browser/builtin-addons/search-detection/api.js :: stopListener :: line 189"  data: no]
  Stack:
    stopListener@jar:file:///C:/Program%20Files/Mozilla%20Firefox/browser/omni.ja!/chrome/browser/builtin-addons/search-detection/api.js:189:32

JavaScript error: https://www.google.com/sorry/index?continue=https://www.google.com/search%3Fq%3DP.%2520B.%2520POLYMERS%2520website&q=EgRnmJ-TGL3OgKQGIjAPFfXit_vREa7OqTPfz9WchOUMeOCGDd2O3ursIrLSExpug4s4oUarqwHjWgrog3QyAXI, line 1: SyntaxError: expected expression, got ','
console.error: WebExtensions: 
  Message: [Exception... "Component returned failure code: 0x80004005 (NS_ERROR_FAILURE) [nsIPropertyBag.getProperty]"  nsresult: "0x80004005 (NS_ERROR_FAILURE)"  location: "JS frame :: jar:file:///C:/Program%20Files/Mozilla%20Firefox/browser/omni.ja!/chrome/browser/builtin-addons/search-detection/api.js :: stopListener :: line 189"  data: no]
  Stack:
    stopListener@jar:file:///C:/Program%20Files/Mozilla%20Firefox/browser/omni.ja!/chrome/browser/builtin-addons/search-detection/api.js:189:32

JavaScript error: https://www.google.com/sorry/index?continue=https://www.google.com/search%3Fq%3DSHREE%2520SHIV%2520SHAKTI%2520PLASTIC%2520UDYOG%2520website&q=EgRnmJ-TGL_OgKQGIjD-NyxfSe_gZJawO9OqJQc3aRx7yWMm024MPEbxcYySRUmXBRB3oF6Q4gDSZK5_E3oyAXI, line 1: SyntaxError: expected expression, got ','
console.error: WebExtensions: 
  Message: [Exception... "Component returned failure code: 0x80004005 (NS_ERROR_FAILURE) [nsIPropertyBag.getProperty]"  nsresult: "0x80004005 (NS_ERROR_FAILURE)"  location: "JS frame :: jar:file:///C:/Program%20Files/Mozilla%20Firefox/browser/omni.ja!/chrome/browser/builtin-addons/search-detection/api.js :: stopListener :: line 189"  data: no]
  Stack:
    stopListener@jar:file:///C:/Program%20Files/Mozilla%20Firefox/browser/omni.ja!/chrome/browser/builtin-addons/search-detection/api.js:189:32

JavaScript error: https://www.google.com/sorry/index?continue=https://www.google.com/search%3Fq%3DSomnath%2520Plastic%2520website&q=EgRnmJ-TGMHOgKQGIjCrRcXtKEYpvREgbtaUBnK6YsDDavhhjY_xuV7kLc9R8aJzJ5mvsbkZL43fZT8CATEyAXI, line 1: SyntaxError: expected expression, got ','
console.error: WebExtensions: 
  Message: [Exception... "Component returned failure code: 0x80004005 (NS_ERROR_FAILURE) [nsIPropertyBag.getProperty]"  nsresult: "0x80004005 (NS_ERROR_FAILURE)"  location: "JS frame :: jar:file:///C:/Program%20Files/Mozilla%20Firefox/browser/omni.ja!/chrome/browser/builtin-addons/search-detection/api.js :: stopListener :: line 189"  data: no]
  Stack:
    stopListener@jar:file:///C:/Program%20Files/Mozilla%20Firefox/browser/omni.ja!/chrome/browser/builtin-addons/search-detection/api.js:189:32

JavaScript error: https://www.google.com/sorry/index?continue=https://www.google.com/search%3Fq%3DMADHURAJ%2520POLYMERS%2520website&q=EgRnmJ-TGMXOgKQGIjBvRvmQdXMQ6RMNpId3Y2R-rUZqSICW8EjTS06rQ2n32Zt4m3uJaQGxbhTjv9KKrTYyAXI, line 1: SyntaxError: expected expression, got ','
console.error: WebExtensions: 
  Message: [Exception... "Component returned failure code: 0x80004005 (NS_ERROR_FAILURE) [nsIPropertyBag.getProperty]"  nsresult: "0x80004005 (NS_ERROR_FAILURE)"  location: "JS frame :: jar:file:///C:/Program%20Files/Mozilla%20Firefox/browser/omni.ja!/chrome/browser/builtin-addons/search-detection/api.js :: stopListener :: line 189"  data: no]
  Stack:
    stopListener@jar:file:///C:/Program%20Files/Mozilla%20Firefox/browser/omni.ja!/chrome/browser/builtin-addons/search-detection/api.js:189:32

JavaScript error: https://www.google.com/sorry/index?continue=https://www.google.com/search%3Fq%3DWORLD%2520PLASTIC%2520CARE%2520website&q=EgRnmJ-TGMbOgKQGIjAQ1Ftf9w9_EzOMuj7Y-iziDIZVd7YIXdc401_TVxTH5iXwTAKV4AQXi33ObQfXlkYyAXI, line 1: SyntaxError: expected expression, got ','
console.error: WebExtensions: 
  Message: [Exception... "Component returned failure code: 0x80004005 (NS_ERROR_FAILURE) [nsIPropertyBag.getProperty]"  nsresult: "0x80004005 (NS_ERROR_FAILURE)"  location: "JS frame :: jar:file:///C:/Program%20Files/Mozilla%20Firefox/browser/omni.ja!/chrome/browser/builtin-addons/search-detection/api.js :: stopListener :: line 189"  data: no]
  Stack:
    stopListener@jar:file:///C:/Program%20Files/Mozilla%20Firefox/browser/omni.ja!/chrome/browser/builtin-addons/search-detection/api.js:189:32

JavaScript error: https://www.google.com/sorry/index?continue=https://www.google.com/search%3Fq%3DShree%2520Digvijay%2520Cement%2520Company%2520Limited%2520website&q=EgRnmJ-TGMjOgKQGIjDy6UNySMG4m4CiW_F4EWLFSYV_G3b1JnBrO71ox5lrOe1Z0VfJzyc6Lo4W3qLVKoEyAXI, line 1: SyntaxError: expected expression, got ','
console.error: WebExtensions: 
  Message: [Exception... "Component returned failure code: 0x80004005 (NS_ERROR_FAILURE) [nsIPropertyBag.getProperty]"  nsresult: "0x80004005 (NS_ERROR_FAILURE)"  location: "JS frame :: jar:file:///C:/Program%20Files/Mozilla%20Firefox/browser/omni.ja!/chrome/browser/builtin-addons/search-detection/api.js :: stopListener :: line 189"  data: no]
  Stack:
    stopListener@jar:file:///C:/Program%20Files/Mozilla%20Firefox/browser/omni.ja!/chrome/browser/builtin-addons/search-detection/api.js:189:32

JavaScript error: https://www.google.com/sorry/index?continue=https://www.google.com/search%3Fq%3DJ%2520B%2520ECOTEX%2520LIMITED%2520website&q=EgRnmJ-TGMrOgKQGIjABVCauAC9bCi2y-SocQZ0lMFFob-0LbcgThQz6ZY1t9L24xQm91IT8LWSehI-QCYsyAXI, line 1: SyntaxError: expected expression, got ','
console.error: WebExtensions: 
  Message: [Exception... "Component returned failure code: 0x80004005 (NS_ERROR_FAILURE) [nsIPropertyBag.getProperty]"  nsresult: "0x80004005 (NS_ERROR_FAILURE)"  location: "JS frame :: jar:file:///C:/Program%20Files/Mozilla%20Firefox/browser/omni.ja!/chrome/browser/builtin-addons/search-detection/api.js :: stopListener :: line 189"  data: no]
  Stack:
    stopListener@jar:file:///C:/Program%20Files/Mozilla%20Firefox/browser/omni.ja!/chrome/browser/builtin-addons/search-detection/api.js:189:32

JavaScript error: https://www.google.com/sorry/index?continue=https://www.google.com/search%3Fq%3DMANV%2520PLASTICS%2520website&q=EgRnmJ-TGMvOgKQGIjDCZDmInG2IThTlIPLmoD4nnSZ6EDCYp6GhZ9QaSq5hfxbC04pymXJAfuZm7I_NDAAyAXI, line 1: SyntaxError: expected expression, got ','
console.error: WebExtensions: 
  Message: [Exception... "Component returned failure code: 0x80004005 (NS_ERROR_FAILURE) [nsIPropertyBag.getProperty]"  nsresult: "0x80004005 (NS_ERROR_FAILURE)"  location: "JS frame :: jar:file:///C:/Program%20Files/Mozilla%20Firefox/browser/omni.ja!/chrome/browser/builtin-addons/search-detection/api.js :: stopListener :: line 189"  data: no]
  Stack:
    stopListener@jar:file:///C:/Program%20Files/Mozilla%20Firefox/browser/omni.ja!/chrome/browser/builtin-addons/search-detection/api.js:189:32

JavaScript error: https://www.google.com/sorry/index?continue=https://www.google.com/search%3Fq%3DGUJARAT%2520WASTE%2520MANAGEMENT%2520website&q=EgRnmJ-TGMzOgKQGIjBMimTM8zL5-Q0KQ00Hiqg9tuJ8DrSgFV92MOBlW0spXwWtoZ6d8HVhZCEGlfZxJ_MyAXI, line 1: SyntaxError: expected expression, got ','
console.error: WebExtensions: 
  Message: [Exception... "Component returned failure code: 0x80004005 (NS_ERROR_FAILURE) [nsIPropertyBag.getProperty]"  nsresult: "0x80004005 (NS_ERROR_FAILURE)"  location: "JS frame :: jar:file:///C:/Program%20Files/Mozilla%20Firefox/browser/omni.ja!/chrome/browser/builtin-addons/search-detection/api.js :: stopListener :: line 189"  data: no]
  Stack:
    stopListener@jar:file:///C:/Program%20Files/Mozilla%20Firefox/browser/omni.ja!/chrome/browser/builtin-addons/search-detection/api.js:189:32

JavaScript error: https://www.google.com/sorry/index?continue=https://www.google.com/search%3Fq%3DMurli%2520Industries%2520Limited,%2520Subsidiary%2520of%2520Dalmia%2520Cement%2520(Bharat)%2520limited%2520website&q=EgRnmJ-TGM7OgKQGIjBSX-hWK8VsID9hwmme91nlixbXqgDUoilSXiGZBudJNl5h8QEEKWio4GEay-rGf3gyAXI, line 1: SyntaxError: expected expression, got ','
console.error: WebExtensions: 
  Message: [Exception... "Component returned failure code: 0x80004005 (NS_ERROR_FAILURE) [nsIPropertyBag.getProperty]"  nsresult: "0x80004005 (NS_ERROR_FAILURE)"  location: "JS frame :: jar:file:///C:/Program%20Files/Mozilla%20Firefox/browser/omni.ja!/chrome/browser/builtin-addons/search-detection/api.js :: stopListener :: line 189"  data: no]
  Stack:
    stopListener@jar:file:///C:/Program%20Files/Mozilla%20Firefox/browser/omni.ja!/chrome/browser/builtin-addons/search-detection/api.js:189:32

JavaScript error: https://www.google.com/sorry/index?continue=https://www.google.com/search%3Fq%3DSIYARAM%2520POLYMERS%2520website&q=EgRnmJ-TGNHOgKQGIjBMGuLSglI4ZIn9BFWpCpGvvIhtfLASpHuFxAPAEA73JUYe2aXdb87h3bJ7gu9JaYQyAXI, line 1: SyntaxError: expected expression, got ','
console.error: WebExtensions: 
  Message: [Exception... "Component returned failure code: 0x80004005 (NS_ERROR_FAILURE) [nsIPropertyBag.getProperty]"  nsresult: "0x80004005 (NS_ERROR_FAILURE)"  location: "JS frame :: jar:file:///C:/Program%20Files/Mozilla%20Firefox/browser/omni.ja!/chrome/browser/builtin-addons/search-detection/api.js :: stopListener :: line 189"  data: no]
  Stack:
    stopListener@jar:file:///C:/Program%20Files/Mozilla%20Firefox/browser/omni.ja!/chrome/browser/builtin-addons/search-detection/api.js:189:32

JavaScript error: https://www.google.com/sorry/index?continue=https://www.google.com/search%3Fq%3DSai%2520Sadguru%2520Suppliers%2520And%2520Transport%2520website&q=EgRnmJ-TGNLOgKQGIjD1whhPIei_q0m5T4K_gWiBpS4Guu1Pa_wQa2ATx2eRKogcPeMZnbiFShjLYeODqkQyAXI, line 1: SyntaxError: expected expression, got ','
console.error: WebExtensions: 
  Message: [Exception... "Component returned failure code: 0x80004005 (NS_ERROR_FAILURE) [nsIPropertyBag.getProperty]"  nsresult: "0x80004005 (NS_ERROR_FAILURE)"  location: "JS frame :: jar:file:///C:/Program%20Files/Mozilla%20Firefox/browser/omni.ja!/chrome/browser/builtin-addons/search-detection/api.js :: stopListener :: line 189"  data: no]
  Stack:
    stopListener@jar:file:///C:/Program%20Files/Mozilla%20Firefox/browser/omni.ja!/chrome/browser/builtin-addons/search-detection/api.js:189:32

JavaScript error: https://www.google.com/sorry/index?continue=https://www.google.com/search%3Fq%3DShree%2520Balaji%2520Plastic%2520website&q=EgRnmJ-TGNTOgKQGIjDlSQcUQxD2i9PFNWiSrOALS-VlzdAq61GMXF1PPweZrjDux5bN3BKQ2SU9WPOkMT4yAXI, line 1: SyntaxError: expected expression, got ','
[Child 4084, Main Thread] WARNING: JSWindowActorChild::SendRawMessage (Conduits, ConduitClosed) not sent: !CanSend() || !mManager || !mManager->CanSend(): file /builds/worker/checkouts/gecko/dom/ipc/jsactor/JSWindowActorChild.cpp:57
[Child 4084, Main Thread] WARNING: JSWindowActorChild::SendRawMessage (Conduits, ConduitClosed) not sent: !CanSend() || !mManager || !mManager->CanSend(): file /builds/worker/checkouts/gecko/dom/ipc/jsactor/JSWindowActorChild.cpp:57
[Child 4084, Main Thread] WARNING: JSWindowActorChild::SendRawMessage (Conduits, ConduitClosed) not sent: !CanSend() || !mManager || !mManager->CanSend(): file /builds/worker/checkouts/gecko/dom/ipc/jsactor/JSWindowActorChild.cpp:57
[Child 4084, Main Thread] WARNING: JSWindowActorChild::SendRawMessage (Conduits, ConduitClosed) not sent: !CanSend() || !mManager || !mManager->CanSend(): file /builds/worker/checkouts/gecko/dom/ipc/jsactor/JSWindowActorChild.cpp:57
[Child 4084, Main Thread] WARNING: JSWindowActorChild::SendRawMessage (Conduits, ConduitClosed) not sent: !CanSend() || !mManager || !mManager->CanSend(): file /builds/worker/checkouts/gecko/dom/ipc/jsactor/JSWindowActorChild.cpp:57
[Child 4084, Main Thread] WARNING: JSWindowActorChild::SendRawMessage (Conduits, ConduitClosed) not sent: !CanSend() || !mManager || !mManager->CanSend(): file /builds/worker/checkouts/gecko/dom/ipc/jsactor/JSWindowActorChild.cpp:57
[Child 4084, Main Thread] WARNING: JSWindowActorChild::SendRawMessage (Conduits, ConduitClosed) not sent: !CanSend() || !mManager || !mManager->CanSend(): file /builds/worker/checkouts/gecko/dom/ipc/jsactor/JSWindowActorChild.cpp:57
[Child 4084, Main Thread] WARNING: JSWindowActorChild::SendRawMessage (Conduits, ConduitClosed) not sent: !CanSend() || !mManager || !mManager->CanSend(): file /builds/worker/checkouts/gecko/dom/ipc/jsactor/JSWindowActorChild.cpp:57
1686120356971	Marionette	INFO	Stopped listening on port 62041
Dynamically enable window occlusion 1
